<?xml version="1.0" encoding="UTF-8"?>
<!-- Generated by org.testng.reporters.JUnitReportReporter -->
<testsuite hostname="Nikhil-PC" name="Jenkins.Learning.login" tests="1" failures="0" timestamp="15 Jun 2016 06:31:51 GMT" time="4.027" errors="0">
  <testcase name="launch" time="4.027" classname="Jenkins.Learning.login"/>
</testsuite> <!-- Jenkins.Learning.login -->
